0 info it worked if it ends with ok
1 verbose cli [ '/usr/bin/nodejs', '/usr/bin/npm', 'install', 'gulp', '–g' ]
2 info using npm@3.5.2
3 info using node@v4.2.6
4 silly loadCurrentTree Starting
5 silly install loadCurrentTree
6 silly install readLocalPackageData
7 silly fetchPackageMetaData gulp@^3.9.1
8 silly fetchPackageMetaData –g
9 silly fetchNamedPackageData gulp
10 silly mapToRegistry name gulp
11 silly mapToRegistry using default registry
12 silly mapToRegistry registry https://registry.npmjs.org/
13 silly mapToRegistry uri https://registry.npmjs.org/gulp
14 silly fetchOtherPackageData –g
15 silly cache add args [ '–g', null ]
16 verbose cache add spec –g
17 silly cache add parsed spec Result {
17 silly cache add   raw: '–g',
17 silly cache add   scope: null,
17 silly cache add   name: null,
17 silly cache add   rawSpec: '–g',
17 silly cache add   spec: '/var/www/html/rock-ui.grid/–g',
17 silly cache add   type: 'local' }
18 error addLocal Could not install /var/www/html/rock-ui.grid/–g
19 silly fetchPackageMetaData Error: ENOENT: no such file or directory, open '/var/www/html/rock-ui.grid/–g'
19 silly fetchPackageMetaData     at Error (native)
19 silly fetchPackageMetaData  error for –g { [Error: ENOENT: no such file or directory, open '/var/www/html/rock-ui.grid/–g']
19 silly fetchPackageMetaData   errno: -2,
19 silly fetchPackageMetaData   code: 'ENOENT',
19 silly fetchPackageMetaData   syscall: 'open',
19 silly fetchPackageMetaData   path: '/var/www/html/rock-ui.grid/–g' }
20 verbose get https://registry.npmjs.org/gulp not expired, no request
21 silly rollbackFailedOptional Starting
22 silly rollbackFailedOptional Finishing
23 silly runTopLevelLifecycles Starting
24 silly runTopLevelLifecycles Finishing
25 silly install printInstalled
26 verbose stack Error: ENOENT: no such file or directory, open '/var/www/html/rock-ui.grid/–g'
26 verbose stack     at Error (native)
27 verbose cwd /var/www/html/rock-ui.grid
28 error Linux 4.4.0-38-generic
29 error argv "/usr/bin/nodejs" "/usr/bin/npm" "install" "gulp" "–g"
30 error node v4.2.6
31 error npm  v3.5.2
32 error path /var/www/html/rock-ui.grid/–g
33 error code ENOENT
34 error errno -2
35 error syscall open
36 error enoent ENOENT: no such file or directory, open '/var/www/html/rock-ui.grid/–g'
37 error enoent ENOENT: no such file or directory, open '/var/www/html/rock-ui.grid/–g'
37 error enoent This is most likely not a problem with npm itself
37 error enoent and is related to npm not being able to find a file.
38 verbose exit [ -2, true ]
